2017-05-04 09:44:14,773 - INFO - main :: Detected Filename: testResource/mops-1.png
2017-05-04 09:44:14,773 - INFO - main :: Detected Annotation File: testResource/mops-1.xml
2017-05-04 09:44:14,773 - INFO - callImage :: Loading testResource/mops-1.png in Grayscale mode.
2017-05-04 09:44:14,779 - INFO - saltAndPepper :: Adding Salt and Pepper Noise
2017-05-04 09:44:14,788 - INFO - copyXML :: output/mops-1_salt_pepper.xml created
2017-05-04 09:44:14,788 - INFO - callImage :: Loading testResource/mops-1.png in Grayscale mode.
2017-05-04 09:44:14,793 - INFO - gaussian :: Adding Gaussian Noise
2017-05-04 09:44:14,843 - INFO - copyXML :: output/mops-1_gaussian.xml created
2017-05-04 09:44:14,843 - INFO - callImage :: Loading testResource/mops-1.png in Grayscale mode.
2017-05-04 09:44:14,849 - INFO - speckle :: Adding Speckle Noise
2017-05-04 09:44:15,010 - INFO - copyXML :: output/mops-1_speckle.xml created
2017-05-04 09:44:15,010 - INFO - callImage :: Loading testResource/mops-1.png in Color mode.
2017-05-04 09:44:15,019 - INFO - rotate :: Rotating the image.
2017-05-04 09:44:15,028 - INFO - copyXML :: output/mops-1_rotate.xml created
2017-05-04 09:44:15,061 - INFO - replace_XML :: output/mops-1_rotate.xml modified
2017-05-04 09:44:15,062 - INFO - callImage :: Loading testResource/mops-1.png in Grayscale mode.
2017-05-04 09:44:15,066 - INFO - radialDistortion :: Adding Radial Distortion
2017-05-04 09:44:15,118 - INFO - callImage :: Loading testResource/mops-1.png in Grayscale mode.
2017-05-04 09:44:15,123 - INFO - tangentialDistortion :: Adding Tangential Distortion
2017-05-04 09:44:15,174 - INFO - callImage :: Loading testResource/mops-1.png in Grayscale mode.
2017-05-04 09:44:15,181 - INFO - opening :: Kernel used for opening: 
[[1 1 1]
 [1 1 1]
 [1 1 1]]
2017-05-04 09:44:15,197 - INFO - copyXML :: output/mops-1_opening.xml created
2017-05-04 09:44:15,197 - INFO - main :: ----------------------------------------
